2024-03-31 11:48:11.4744 INFO Initializing
2024-03-31 11:48:11.6686 INFO Initialization Complete
2024-03-31 11:48:16.3797 INFO Move Enterprise Sprite From: (0, 1)
2024-03-31 11:48:16.3797 INFO Move Enterprise Sprite To: (3, 4)
2024-03-31 11:48:16.3797 DEBUG Slope = 3 / 3
2024-03-31 11:48:16.3797 INFO CurrentX: 0, CurrentY: 1
2024-03-31 11:48:16.4059 INFO CurrentX: 0, CurrentY: 1
2024-03-31 11:48:16.4229 INFO CurrentX: 0, CurrentY: 1
2024-03-31 11:48:16.4397 INFO CurrentX: 0, CurrentY: 1
2024-03-31 11:48:16.4567 INFO CurrentX: 0, CurrentY: 1
2024-03-31 11:48:16.4736 INFO CurrentX: 0, CurrentY: 1
2024-03-31 11:48:16.4905 INFO CurrentX: 0, CurrentY: 1
2024-03-31 11:48:16.5075 INFO CurrentX: 0, CurrentY: 1
2024-03-31 11:48:16.5244 INFO CurrentX: 0, CurrentY: 1
2024-03-31 11:48:16.5414 INFO CurrentX: 0, CurrentY: 1
2024-03-31 11:48:16.5583 INFO CurrentX: 0, CurrentY: 1
2024-03-31 11:48:16.5753 INFO CurrentX: 0, CurrentY: 1
2024-03-31 11:48:16.5922 INFO CurrentX: 0, CurrentY: 1
2024-03-31 11:48:16.6091 INFO CurrentX: 0, CurrentY: 1
2024-03-31 11:48:16.6261 INFO CurrentX: 0, CurrentY: 1
2024-03-31 11:48:16.6430 INFO CurrentX: 0, CurrentY: 1
2024-03-31 11:48:16.6600 INFO CurrentX: 0, CurrentY: 1
2024-03-31 11:48:16.6764 INFO CurrentX: 0, CurrentY: 1
2024-03-31 11:48:16.6925 INFO CurrentX: 0, CurrentY: 1
2024-03-31 11:48:16.7129 INFO CurrentX: 0, CurrentY: 1
2024-03-31 11:48:16.7293 INFO CurrentX: 0, CurrentY: 1
2024-03-31 11:48:16.7462 INFO CurrentX: 0, CurrentY: 1
2024-03-31 11:48:16.7631 INFO CurrentX: 0, CurrentY: 1
2024-03-31 11:48:16.7791 INFO CurrentX: 0, CurrentY: 1
2024-03-31 11:48:16.7961 INFO CurrentX: 0, CurrentY: 1
2024-03-31 11:48:16.8123 INFO CurrentX: 0, CurrentY: 1
2024-03-31 11:48:16.8294 INFO CurrentX: 0, CurrentY: 1
2024-03-31 11:48:16.8463 INFO CurrentX: 0, CurrentY: 1
2024-03-31 11:48:16.8624 INFO CurrentX: 0, CurrentY: 1
2024-03-31 11:48:16.8784 INFO CurrentX: 0, CurrentY: 1
2024-03-31 11:48:16.8946 INFO CurrentX: 0, CurrentY: 1
2024-03-31 11:48:16.9116 INFO CurrentX: 0, CurrentY: 1
2024-03-31 11:48:16.9278 INFO CurrentX: 0, CurrentY: 1
2024-03-31 11:48:16.9448 INFO CurrentX: 1, CurrentY: 2
2024-03-31 11:48:16.9609 INFO CurrentX: 1, CurrentY: 2
2024-03-31 11:48:16.9770 INFO CurrentX: 1, CurrentY: 2
2024-03-31 11:48:16.9941 INFO CurrentX: 1, CurrentY: 2
2024-03-31 11:48:17.0105 INFO CurrentX: 1, CurrentY: 2
2024-03-31 11:48:17.0275 INFO CurrentX: 1, CurrentY: 2
2024-03-31 11:48:17.0435 INFO CurrentX: 1, CurrentY: 2
2024-03-31 11:48:17.0802 INFO CurrentX: 1, CurrentY: 2
2024-03-31 11:48:17.0964 INFO CurrentX: 1, CurrentY: 2
2024-03-31 11:48:17.1133 INFO CurrentX: 1, CurrentY: 2
2024-03-31 11:48:17.1291 INFO CurrentX: 1, CurrentY: 2
2024-03-31 11:48:17.1452 INFO CurrentX: 1, CurrentY: 2
2024-03-31 11:48:17.1621 INFO CurrentX: 1, CurrentY: 2
2024-03-31 11:48:17.1790 INFO CurrentX: 1, CurrentY: 2
2024-03-31 11:48:17.1960 INFO CurrentX: 1, CurrentY: 2
2024-03-31 11:48:17.2126 INFO CurrentX: 1, CurrentY: 2
2024-03-31 11:48:17.2296 INFO CurrentX: 1, CurrentY: 2
2024-03-31 11:48:17.2456 INFO CurrentX: 1, CurrentY: 2
2024-03-31 11:48:17.2626 INFO CurrentX: 1, CurrentY: 2
2024-03-31 11:48:17.2798 INFO CurrentX: 1, CurrentY: 2
2024-03-31 11:48:17.2957 INFO CurrentX: 1, CurrentY: 2
2024-03-31 11:48:17.3126 INFO CurrentX: 1, CurrentY: 2
2024-03-31 11:48:17.3297 INFO CurrentX: 1, CurrentY: 2
2024-03-31 11:48:17.3466 INFO CurrentX: 1, CurrentY: 2
2024-03-31 11:48:17.3638 INFO CurrentX: 1, CurrentY: 2
2024-03-31 11:48:17.3797 INFO CurrentX: 1, CurrentY: 2
2024-03-31 11:48:17.3962 INFO CurrentX: 1, CurrentY: 2
2024-03-31 11:48:17.4133 INFO CurrentX: 1, CurrentY: 2
2024-03-31 11:48:17.4296 INFO CurrentX: 1, CurrentY: 2
2024-03-31 11:48:17.4659 INFO CurrentX: 1, CurrentY: 2
2024-03-31 11:48:17.4823 INFO CurrentX: 1, CurrentY: 2
2024-03-31 11:48:17.4983 INFO CurrentX: 1, CurrentY: 2
2024-03-31 11:48:17.5152 INFO CurrentX: 1, CurrentY: 2
2024-03-31 11:48:17.5322 INFO CurrentX: 2, CurrentY: 3
2024-03-31 11:48:17.5491 INFO CurrentX: 2, CurrentY: 3
2024-03-31 11:48:17.5651 INFO CurrentX: 2, CurrentY: 3
2024-03-31 11:48:17.5819 INFO CurrentX: 2, CurrentY: 3
2024-03-31 11:48:17.5991 INFO CurrentX: 2, CurrentY: 3
2024-03-31 11:48:17.6158 INFO CurrentX: 2, CurrentY: 3
2024-03-31 11:48:17.6329 INFO CurrentX: 2, CurrentY: 3
2024-03-31 11:48:17.6498 INFO CurrentX: 2, CurrentY: 3
2024-03-31 11:48:17.6665 INFO CurrentX: 2, CurrentY: 3
2024-03-31 11:48:17.6824 INFO CurrentX: 2, CurrentY: 3
2024-03-31 11:48:17.6992 INFO CurrentX: 2, CurrentY: 3
2024-03-31 11:48:17.7162 INFO CurrentX: 2, CurrentY: 3
2024-03-31 11:48:17.7332 INFO CurrentX: 2, CurrentY: 3
2024-03-31 11:48:17.7505 INFO CurrentX: 2, CurrentY: 3
2024-03-31 11:48:17.7677 INFO CurrentX: 2, CurrentY: 3
2024-03-31 11:48:17.7846 INFO CurrentX: 2, CurrentY: 3
2024-03-31 11:48:17.8016 INFO CurrentX: 2, CurrentY: 3
2024-03-31 11:48:17.8352 INFO CurrentX: 2, CurrentY: 3
2024-03-31 11:48:17.8524 INFO CurrentX: 2, CurrentY: 3
2024-03-31 11:48:17.8694 INFO CurrentX: 2, CurrentY: 3
2024-03-31 11:48:17.8853 INFO CurrentX: 2, CurrentY: 3
2024-03-31 11:48:17.9022 INFO CurrentX: 2, CurrentY: 3
2024-03-31 11:48:17.9192 INFO CurrentX: 2, CurrentY: 3
2024-03-31 11:48:17.9361 INFO CurrentX: 2, CurrentY: 3
2024-03-31 11:48:17.9520 INFO CurrentX: 2, CurrentY: 3
2024-03-31 11:48:17.9683 INFO CurrentX: 2, CurrentY: 3
2024-03-31 11:48:17.9852 INFO CurrentX: 2, CurrentY: 3
2024-03-31 11:48:18.0022 INFO CurrentX: 2, CurrentY: 3
2024-03-31 11:48:18.0193 INFO CurrentX: 2, CurrentY: 3
2024-03-31 11:48:18.0354 INFO CurrentX: 2, CurrentY: 3
2024-03-31 11:48:18.0525 INFO CurrentX: 2, CurrentY: 3
2024-03-31 11:48:18.0695 INFO CurrentX: 2, CurrentY: 3
2024-03-31 11:48:18.0865 INFO CurrentX: 2, CurrentY: 3
2024-03-31 11:48:18.1035 INFO CurrentX: 3, CurrentY: 4
2024-03-31 11:48:18.1035 INFO FINAL COOR: (300, 400)
2024-03-31 11:48:18.1035 INFO FINAL COOR: (300, 400)
2024-03-31 11:49:12.0253 INFO Initializing
2024-03-31 11:49:12.2124 INFO Initialization Complete
2024-03-31 11:49:20.9854 INFO Move Enterprise Sprite From: (0, 1)
2024-03-31 11:49:20.9854 INFO Move Enterprise Sprite To: (6, 5)
2024-03-31 11:49:20.9854 INFO Slope = 4 / 6
2024-03-31 11:49:22.7093 INFO FINAL COOR: (600, 500)
2024-03-31 11:49:22.7093 INFO FINAL COOR: (600, 500)
2024-03-31 11:52:16.4882 INFO Initializing
2024-03-31 11:52:16.6816 INFO Initialization Complete
2024-03-31 11:52:20.6502 INFO Move Enterprise Sprite From: (0, 1)
2024-03-31 11:52:20.6502 INFO Move Enterprise Sprite To: (4, 4)
2024-03-31 11:52:20.6502 INFO Slope = 3 / 4
2024-03-31 11:52:22.3706 INFO FINAL COOR: (400, 400)
2024-03-31 11:52:22.3706 INFO FINAL COOR: (400, 400)
